-------------------------------------------------------------------------------
Test set: com.origamisoftware.teach.advanced.util.DatabaseUtilsTest
-------------------------------------------------------------------------------
Tests run: 5, Failures: 0, Errors: 5, Skipped: 0, Time elapsed: 0.022 s <<< FAILURE! - in com.origamisoftware.teach.advanced.util.DatabaseUtilsTest
testGoodInitFile(com.origamisoftware.teach.advanced.util.DatabaseUtilsTest)  Time elapsed: 0 s  <<< ERROR!
java.lang.NoClassDefFoundError: org/hibernate/cfg/Configuration
	at com.origamisoftware.teach.advanced.util.DatabaseUtilsTest.testGoodInitFile(DatabaseUtilsTest.java:25)

testBadInitFile(com.origamisoftware.teach.advanced.util.DatabaseUtilsTest)  Time elapsed: 0 s  <<< ERROR!
java.lang.Exception: Unexpected exception, expected<com.origamisoftware.teach.advanced.util.DatabaseInitializationException> but was<java.lang.NoClassDefFoundError>
	at com.origamisoftware.teach.advanced.util.DatabaseUtilsTest.testBadInitFile(DatabaseUtilsTest.java:30)

testGetConnection(com.origamisoftware.teach.advanced.util.DatabaseUtilsTest)  Time elapsed: 0 s  <<< ERROR!
java.lang.NoClassDefFoundError: org/hibernate/cfg/Configuration
	at com.origamisoftware.teach.advanced.util.DatabaseUtilsTest.testGetConnection(DatabaseUtilsTest.java:35)

testGetSessionFactory(com.origamisoftware.teach.advanced.util.DatabaseUtilsTest)  Time elapsed: 0 s  <<< ERROR!
java.lang.NoClassDefFoundError: org/hibernate/cfg/Configuration
	at com.origamisoftware.teach.advanced.util.DatabaseUtilsTest.testGetSessionFactory(DatabaseUtilsTest.java:19)

testGetConnectionWorks(com.origamisoftware.teach.advanced.util.DatabaseUtilsTest)  Time elapsed: 0 s  <<< ERROR!
java.lang.NoClassDefFoundError: org/hibernate/cfg/Configuration
	at com.origamisoftware.teach.advanced.util.DatabaseUtilsTest.testGetConnectionWorks(DatabaseUtilsTest.java:41)

