-------------------------------------------------------------------------------
Test set: com.origamisoftware.teach.advanced.services.DatabasePersonServiceTest
-------------------------------------------------------------------------------
Tests run: 4, Failures: 0, Errors: 4, Skipped: 0, Time elapsed: 0.003 s <<< FAILURE! - in com.origamisoftware.teach.advanced.services.DatabasePersonServiceTest
testGetPerson(com.origamisoftware.teach.advanced.services.DatabasePersonServiceTest)  Time elapsed: 0.001 s  <<< ERROR!
java.lang.NoClassDefFoundError: org/hibernate/cfg/Configuration
	at com.origamisoftware.teach.advanced.services.DatabasePersonServiceTest.setUp(DatabasePersonServiceTest.java:22)
Caused by: java.lang.ClassNotFoundException: org.hibernate.cfg.Configuration
	at com.origamisoftware.teach.advanced.services.DatabasePersonServiceTest.setUp(DatabasePersonServiceTest.java:22)

testGetStocks(com.origamisoftware.teach.advanced.services.DatabasePersonServiceTest)  Time elapsed: 0 s  <<< ERROR!
java.lang.NoClassDefFoundError: org/hibernate/cfg/Configuration
	at com.origamisoftware.teach.advanced.services.DatabasePersonServiceTest.setUp(DatabasePersonServiceTest.java:22)

testAddOrUpdatePerson(com.origamisoftware.teach.advanced.services.DatabasePersonServiceTest)  Time elapsed: 0 s  <<< ERROR!
java.lang.NoClassDefFoundError: org/hibernate/cfg/Configuration
	at com.origamisoftware.teach.advanced.services.DatabasePersonServiceTest.setUp(DatabasePersonServiceTest.java:22)

testAddStockToPerson(com.origamisoftware.teach.advanced.services.DatabasePersonServiceTest)  Time elapsed: 0 s  <<< ERROR!
java.lang.NoClassDefFoundError: org/hibernate/cfg/Configuration
	at com.origamisoftware.teach.advanced.services.DatabasePersonServiceTest.setUp(DatabasePersonServiceTest.java:22)

