-------------------------------------------------------------------------------
Test set: com.origamisoftware.teach.advanced.services.DatabaseStockServiceTest
-------------------------------------------------------------------------------
Tests run: 1, Failures: 0, Errors: 1, Skipped: 0, Time elapsed: 0.018 s <<< FAILURE! - in com.origamisoftware.teach.advanced.services.DatabaseStockServiceTest
testGetQuote(com.origamisoftware.teach.advanced.services.DatabaseStockServiceTest)  Time elapsed: 0 s  <<< ERROR!
java.lang.NoClassDefFoundError: org/hibernate/cfg/Configuration
	at com.origamisoftware.teach.advanced.services.DatabaseStockServiceTest.setUp(DatabaseStockServiceTest.java:20)

