<?xml version="1.0" encoding="UTF-8"?>
<testsuite xmlns:xsi="http://www.w3.org/2001/XMLSchema-instance" xsi:noNamespaceSchemaLocation="https://maven.apache.org/surefire/maven-surefire-plugin/xsd/surefire-test-report.xsd" name="com.origamisoftware.teach.advanced.util.DatabaseUtilsTest" time="0.022" tests="5" errors="5" skipped="0" failures="0">
  <properties>
[...]
</properties>
  <testcase name="testGoodInitFile" classname="com.origamisoftware.teach.advanced.util.DatabaseUtilsTest" time="0">
    <error message="org/hibernate/cfg/Configuration" type="java.lang.NoClassDefFoundError">java.lang.NoClassDefFoundError: org/hibernate/cfg/Configuration
	at com.origamisoftware.teach.advanced.util.DatabaseUtilsTest.testGoodInitFile(DatabaseUtilsTest.java:25)
</error>
  </testcase>
  <testcase name="testBadInitFile" classname="com.origamisoftware.teach.advanced.util.DatabaseUtilsTest" time="0">
    <error message="Unexpected exception, expected&lt;com.origamisoftware.teach.advanced.util.DatabaseInitializationException&gt; but was&lt;java.lang.NoClassDefFoundError&gt;" type="java.lang.Exception"><![CDATA[java.lang.Exception: Unexpected exception, expected<com.origamisoftware.teach.advanced.util.DatabaseInitializationException> but was<java.lang.NoClassDefFoundError>
	at com.origamisoftware.teach.advanced.util.DatabaseUtilsTest.testBadInitFile(DatabaseUtilsTest.java:30)
]]></error>
  </testcase>
  <testcase name="testGetConnection" classname="com.origamisoftware.teach.advanced.util.DatabaseUtilsTest" time="0">
    <error message="org/hibernate/cfg/Configuration" type="java.lang.NoClassDefFoundError">java.lang.NoClassDefFoundError: org/hibernate/cfg/Configuration
	at com.origamisoftware.teach.advanced.util.DatabaseUtilsTest.testGetConnection(DatabaseUtilsTest.java:35)
</error>
  </testcase>
  <testcase name="testGetSessionFactory" classname="com.origamisoftware.teach.advanced.util.DatabaseUtilsTest" time="0">
    <error message="org/hibernate/cfg/Configuration" type="java.lang.NoClassDefFoundError">java.lang.NoClassDefFoundError: org/hibernate/cfg/Configuration
	at com.origamisoftware.teach.advanced.util.DatabaseUtilsTest.testGetSessionFactory(DatabaseUtilsTest.java:19)
</error>
  </testcase>
  <testcase name="testGetConnectionWorks" classname="com.origamisoftware.teach.advanced.util.DatabaseUtilsTest" time="0">
    <error message="org/hibernate/cfg/Configuration" type="java.lang.NoClassDefFoundError">java.lang.NoClassDefFoundError: org/hibernate/cfg/Configuration
	at com.origamisoftware.teach.advanced.util.DatabaseUtilsTest.testGetConnectionWorks(DatabaseUtilsTest.java:41)
</error>
  </testcase>
</testsuite>